

Built in Release mode using commit d045213fb on branch HEAD.

---  Software Radio Systems EPC log ---

21:55:58.098037 [HSS ] [I] Opened DB file: /users/bkeshava/.config/srslte/user_db.csv
21:55:58.098126 [HSS ] [I] HSS Initialized. DB file /users/bkeshava/.config/srslte/user_db.csv, MCC: 61441, MNC: 65281
21:55:58.128492 [S1AP] [I] S1-MME Initializing
21:55:58.128555 [S1AP] [I] S1AP Initialized
21:55:58.128561 [MME GTPC] [I] Initializing MME S11 interface.
21:55:58.128570 [MME GTPC] [I] MME S11 Initialized
21:55:58.128585 [MME GTPC] [I] MME GTP-C Initialized
21:55:58.128593 [S1AP] [I] MME Initialized. MCC: 0xf001, MNC: 0xff01
21:55:58.128615 [GTPU] [I] TUN file descriptor = 6
21:55:58.130202 [GTPU] [I] Initialized SGi interface
21:55:58.130220 [GTPU] [I] S1-U socket = 7
21:55:58.130232 [GTPU] [I] S1-U IP = 127.0.1.100, Port = 2152 
21:55:58.130236 [GTPU] [I] Initialized S1-U interface
21:55:58.130241 [GTPU] [I] SPGW GTP-U Initialized.
21:55:58.130252 [SPGW GTPC] [I] Initializing SPGW S11 interface.
21:55:58.130435 [SPGW GTPC] [I] SPGW S11 Initialized.
21:55:58.130444 [SPGW] [I] SP-GW Initialized.
21:55:58.130654 [GTPU] [W] IPv6 not supported yet.
21:56:02.198307 [GTPU] [W] IPv6 not supported yet.
21:56:06.966946 [S1AP] [I] Received S1AP msg. Size: 49
21:56:06.967004 [S1AP] [I] Received initiating PDU
21:56:06.967009 [S1AP] [I] Received S1 Setup Request.
21:56:06.967034 [S1AP] [I] S1 Setup Request - eNB Name: srsenb01, eNB id: 0x19b
21:56:06.967042 [S1AP] [I] S1 Setup Request - MCC:001, MNC:01, PLMN: 61712
21:56:06.967050 [S1AP] [I] S1 Setup Request - TAC 7, B-PLMN 0
21:56:06.967061 [S1AP] [I] Adding new eNB context. eNB ID 411
21:56:06.967763 [S1AP] [I] Sending S1 Setup Response
21:56:10.710342 [GTPU] [W] IPv6 not supported yet.
21:56:28.630303 [GTPU] [W] IPv6 not supported yet.
21:57:03.446303 [GTPU] [W] IPv6 not supported yet.
21:58:07.974863 [S1AP] [I] SCTP Association Shutdown. Association: 22
21:58:07.974888 [S1AP] [I] Deleting eNB context. eNB Id: 0x19b
21:58:13.078323 [GTPU] [W] IPv6 not supported yet.
21:58:16.366793 [S1AP] [I] Received S1AP msg. Size: 49
21:58:16.366820 [S1AP] [I] Received initiating PDU
21:58:16.366825 [S1AP] [I] Received S1 Setup Request.
21:58:16.366846 [S1AP] [I] S1 Setup Request - eNB Name: srsenb01, eNB id: 0x19b
21:58:16.366852 [S1AP] [I] S1 Setup Request - MCC:001, MNC:01, PLMN: 61712
21:58:16.366861 [S1AP] [I] S1 Setup Request - TAC 7, B-PLMN 0
21:58:16.366871 [S1AP] [I] Adding new eNB context. eNB ID 411
21:58:16.367049 [S1AP] [I] Sending S1 Setup Response
21:58:42.937984 [S1AP] [I] Received S1AP msg. Size: 87
21:58:42.938029 [S1AP] [I] Received initiating PDU
21:58:42.938035 [S1AP] [I] Received Initial UE Message.
21:58:42.938052 [S1AP] [I] Initial UE message: LIBLTE_MME_MSG_TYPE_ATTACH_REQUEST
21:58:42.938062 [S1AP] [I] Received Initial UE message -- Attach Request
21:58:42.938072 [NAS ] [I] Attach request -- M-TMSI: 0x3248b790
21:58:42.938080 [NAS ] [I] Attach request -- eNB-UE S1AP Id: 1
21:58:42.938087 [NAS ] [I] Attach request -- Attach type: 1
21:58:42.938094 [NAS ] [I] Attach Request -- UE Network Capabilities EEA: 11110000
21:58:42.938103 [NAS ] [I] Attach Request -- UE Network Capabilities EIA: 01110000
21:58:42.938110 [NAS ] [I] Attach Request -- MS Network Capabilities Present: false
21:58:42.938117 [NAS ] [I] PDN Connectivity Request -- EPS Bearer Identity requested: 0
21:58:42.938123 [NAS ] [I] PDN Connectivity Request -- Procedure Transaction Id: 1
21:58:42.938131 [NAS ] [I] PDN Connectivity Request -- ESM Information Transfer requested: false
21:58:42.938141 [NAS ] [I] Packing Identity Request
21:58:42.957652 [S1AP] [I] Received S1AP msg. Size: 57
21:58:42.957662 [S1AP] [I] Received initiating PDU
21:58:42.957667 [S1AP] [I] Received Uplink NAS Transport Message.
21:58:42.957676 [S1AP] [I] UL NAS: sec_hdr_type: LIBLTE_MME_SECURITY_HDR_TYPE_PLAIN_NAS, mac_vaild: no, msg_encrypted: no
21:58:42.957680 [S1AP] [I] UL NAS: Received Identity Response
21:58:42.957691 [NAS ] [I] ID response -- IMSI: 001010123456789
21:58:42.957700 [HSS ] [I] Found User 001010123456789
21:58:42.957727 [NAS ] [I] Packing Authentication Request
21:58:42.957826 [NAS ] [I] Downlink NAS: Sent Authentication Request
21:58:42.997505 [S1AP] [I] Received S1AP msg. Size: 57
21:58:42.997514 [S1AP] [I] Received initiating PDU
21:58:42.997518 [S1AP] [I] Received Uplink NAS Transport Message.
21:58:42.997524 [S1AP] [I] UL NAS: sec_hdr_type: LIBLTE_MME_SECURITY_HDR_TYPE_PLAIN_NAS, mac_vaild: no, msg_encrypted: no
21:58:42.997529 [S1AP] [I] UL NAS: Received Authentication Response
21:58:42.997543 [NAS ] [I] Authentication Response -- IMSI 001010123456789
21:58:42.997548 [NAS ] [I] Authentication response -- RES
             0000: b3 53 4a 02 c8 5d d1 d6 
21:58:42.997573 [NAS ] [I] Authentication response -- XRES
             0000: b3 53 4a 02 c8 5d d1 d6 
21:58:42.997582 [NAS ] [I] UE Authentication Accepted.
21:58:42.997586 [NAS ] [I] Packing Security Mode Command
21:58:42.997594 [NAS ] [I] Key NAS Encryption (k_nas_enc)
             0000: d9 db 43 84 22 23 6a 79 06 75 9c 9e a7 55 72 4b 
             0010: ad 67 73 a2 4c 07 99 60 b7 7b 14 40 9e ab a4 f8 
21:58:42.997602 [NAS ] [I] Key NAS Integrity (k_nas_int)
             0000: da f7 7c 7b 10 6a b8 c4 75 fb ae a0 9e 77 00 36 
             0010: 88 4a b4 c0 35 c0 39 a3 5d c1 56 37 11 68 82 3a 
21:58:42.997611 [NAS ] [I] Generating KeNB with UL NAS COUNT: 0
21:58:42.997618 [NAS ] [I] Key eNodeB (k_enb)
             0000: d0 7e ec 03 65 be c3 c2 ac cc e8 95 f7 f8 9e a9 
             0010: fc cb 9a 82 73 92 b8 af bb 39 db 81 39 fa d9 43 
21:58:43.017571 [S1AP] [I] Received S1AP msg. Size: 54
21:58:43.017579 [S1AP] [I] Received initiating PDU
21:58:43.017584 [S1AP] [I] Received Uplink NAS Transport Message.
21:58:43.017657 [NAS ] [I] Integrity check ok. Local: count=0, Received: count=0
21:58:43.017663 [S1AP] [I] UL NAS: sec_hdr_type: LIBLTE_MME_SECURITY_HDR_TYPE_INTEGRITY_AND_CIPHERED_WITH_NEW_EPS_SECURITY_CONTEXT, mac_vaild: yes, msg_encrypted: yes
21:58:43.017667 [S1AP] [I] UL NAS: Received Security Mode Complete
21:58:43.017674 [NAS ] [I] Security Mode Command Complete -- IMSI: 001010123456789
21:58:43.017681 [HSS ] [I] Found User 001010123456789
21:58:43.017690 [MME GTPC] [I] Sending Create Session Request.
21:58:43.017697 [MME GTPC] [I] Next MME control TEID: 2
21:58:43.017701 [MME GTPC] [I] Allocated MME control TEID: 1
21:58:43.017742 [SPGW GTPC] [I] SPGW Received Create Session Request
21:58:43.017756 [SPGW GTPC] [I] Creating new GTP-C context
21:58:43.017764 [SPGW GTPC] [I] SPGW: get_new_ue_ipv4 pool ip addr 172.16.0.2
21:58:43.017781 [SPGW GTPC] [I] Sending Create Session Response
21:58:43.017797 [MME GTPC] [I] Received Create Session Response
21:58:43.017806 [MME GTPC] [I] MME GTPC Ctrl TEID 1, IMSI 1010123456789
21:58:43.017813 [MME GTPC] [I] Create Session Response -- SPGW control TEID 1
21:58:43.017821 [MME GTPC] [I] Create Session Response -- SPGW S1-U Address: 127.0.1.100
21:58:43.018508 [S1AP] [I] Preparing to send Initial Context Setup request
21:58:43.018515 [S1AP] [I] Initial Context Setup Request -- Key eNB (k_enb)
             0000: d0 7e ec 03 65 be c3 c2 ac cc e8 95 f7 f8 9e a9 
             0010: fc cb 9a 82 73 92 b8 af bb 39 db 81 39 fa d9 43 
21:58:43.018527 [S1AP] [I] Adding attach accept to Initial Context Setup Request
21:58:43.018532 [NAS ] [I] Packing Attach Accept
21:58:43.018536 [NAS ] [I] Attach Accept -- MCC 0xf001, MNC 0xff01
21:58:43.018628 [NAS ] [I] Packed Attach Accept
21:58:43.018669 [S1AP] [I] Sent Initial Context Setup Request. E-RAB id 5 
21:58:43.018674 [S1AP] [I] Initial Context -- S1-U TEID 0x1. IP 127.0.1.100 
21:58:43.045722 [S1AP] [I] Received S1AP msg. Size: 38
21:58:43.045732 [S1AP] [I] Received Succeseful Outcome PDU
21:58:43.045736 [S1AP] [I] Received Initial Context Setup Response.
21:58:43.045745 [S1AP] [I] E-RAB Context Setup. E-RAB id 5
21:58:43.045750 [S1AP] [I] E-RAB Context -- eNB TEID 0x460003, eNB Address 127.0.1.1
21:58:43.246322 [S1AP] [I] Received S1AP msg. Size: 59
21:58:43.246332 [S1AP] [I] Received initiating PDU
21:58:43.246337 [S1AP] [I] Received Uplink NAS Transport Message.
21:58:43.246410 [NAS ] [I] Integrity check ok. Local: count=1, Received: count=1
21:58:43.246416 [S1AP] [I] UL NAS: sec_hdr_type: LIBLTE_MME_SECURITY_HDR_TYPE_INTEGRITY_AND_CIPHERED, mac_vaild: yes, msg_encrypted: yes
21:58:43.246452 [S1AP] [I] UL NAS: Received Attach Complete
21:58:43.246468 [MME GTPC] [I] Sending GTP-C Modify bearer request
21:58:43.246473 [MME GTPC] [I] GTP-C Modify bearer request -- S-GW Control TEID 1
21:58:43.246479 [MME GTPC] [I] GTP-C Modify bearer request -- S1-U TEID 0x460003, IP 127.0.1.1
21:58:43.246489 [NAS ] [I] Packing EMM Information
21:58:43.246499 [SPGW GTPC] [I] Received Modified Bearer Request
21:58:43.246505 [SPGW GTPC] [I] Setting Up GTP-U tunnel. Tunnel info: 
21:58:43.246511 [SPGW GTPC] [I] IMSI: 001010123456789, UE IP: 172.16.0.2 
21:58:43.246515 [SPGW GTPC] [I] S-GW Rx Ctrl TEID 0x1, MME Rx Ctrl TEID 0x1
21:58:43.246519 [SPGW GTPC] [I] S-GW Rx Ctrl IP (NA), MME Rx Ctrl IP (NA)
21:58:43.246522 [SPGW GTPC] [I] S-GW Rx User TEID 0x1, S-GW Rx User IP 127.0.1.100
21:58:43.246527 [SPGW GTPC] [I] eNB Rx User TEID 0x460003, eNB Rx User IP 127.0.1.1
21:58:43.246531 [GTPU] [I] Modifying GTP-U Tunnel.
21:58:43.246537 [GTPU] [I] UE IP 172.16.0.2
21:58:43.246542 [GTPU] [I] Downlink eNB addr 127.0.1.1, U-TEID 0x460003
21:58:43.246546 [GTPU] [I] Uplink C-TEID: 0x1
21:58:43.246570 [NAS ] [I] Packed UE EMM information
21:58:43.246714 [NAS ] [I] Sending EMM Information
21:58:43.246724 [S1AP] [I] Activated EPS Bearer: Bearer id 5
22:00:24.150316 [GTPU] [W] IPv6 not supported yet.
22:04:42.198314 [GTPU] [W] IPv6 not supported yet.
22:08:13.497736 [S1AP] [I] Received S1AP msg. Size: 67
22:08:13.497765 [S1AP] [I] Received initiating PDU
22:08:13.497771 [S1AP] [I] Received Uplink NAS Transport Message.
22:08:13.497853 [NAS ] [I] Integrity check ok. Local: count=2, Received: count=2
22:08:13.497863 [S1AP] [I] UL NAS: sec_hdr_type: LIBLTE_MME_SECURITY_HDR_TYPE_INTEGRITY_AND_CIPHERED, mac_vaild: yes, msg_encrypted: yes
22:08:13.497867 [S1AP] [I] UL NAS: Detach Request
22:08:13.497883 [NAS ] [I] Detach request -- IMSI 001010123456789
22:08:13.497889 [MME GTPC] [I] Sending GTP-C Delete Session Request request. IMSI 1010123456789
22:08:13.497901 [MME GTPC] [I] GTP-C Delete Session Request -- S-GW Control TEID 1
22:08:13.498310 [S1AP] [I] Received S1AP msg. Size: 19
22:08:13.498317 [S1AP] [I] Received Succeseful Outcome PDU
22:08:13.498328 [S1AP] [I] Received UE Context Release Complete
22:08:13.498332 [S1AP] [I] Received UE Context Release Complete. MME-UE S1AP Id: 1
22:08:13.498343 [S1AP] [I] There are active E-RABs, send release access bearers request
22:08:13.498348 [MME GTPC] [I] Sending GTP-C Release Access Bearers Request
22:08:13.498350 [MME GTPC] [E] Could not find GTP-C context to remove
22:08:13.498356 [S1AP] [I] Released UE ECM Context.
22:08:13.498360 [S1AP] [I] UE Context Release Completed.
22:08:22.375111 [S1AP] [I] SCTP Association Shutdown. Association: 24
22:08:22.375130 [S1AP] [I] Deleting eNB context. eNB Id: 0x19b
22:12:31.130283 [S1AP] [I] Deleting UE EMM context. IMSI: 001010123456789
22:12:31.146379 [HSS ] [I] Opened DB file: /users/bkeshava/.config/srslte/user_db.csv
22:12:31.146437 [HSS ] [I] Deleting UE context in HSS. IMSI: 001010123456780
22:12:31.146452 [HSS ] [I] Deleting UE context in HSS. IMSI: 001010123456789
Closing log
