21:58:29.238367 [UE  ] [I] Built in Release mode using commit d045213fb on branch HEAD.
21:58:32.043547 [NAS ] [W] Proc "PLMN Search" - Did not find any PLMN in the set of frequencies.
21:58:42.378145 [MAC ] [W] [ 5485] Trying to start PRACH by MAC order in invalid state (RA:    ConRes: )
21:58:43.211457 [PHY1] [W] [ 6318] Received CQI request but aperiodic mode is not configured
21:58:43.211472 [PHY1] [E] [ 6318] Converting DCI message to UL dci
21:58:43.211521 [PHY1] [E] [ 6318] Encoding UL cc=0
21:58:43.219807 [PHY1] [E] [ 6326] Converting DCI message to UL dci
21:58:45.165513 [PHY1] [E] [ 8272] Converting DCI message to DL dci
21:58:49.207392 [PHY1] [W] [ 2074] Received CQI request but aperiodic mode is not configured
21:58:52.236310 [PHY0] [W] [ 5103] Received CQI request but aperiodic mode is not configured
21:58:53.411379 [MAC ] [W] [ 6278] DL PID 0: Size of dci changed during a retransmission 22!=93
21:58:57.381202 [PHY1] [E] [    8] Converting DCI message to UL dci
21:58:57.381270 [PHY1] [E] [    8] Encoding UL cc=0
21:58:57.389468 [PHY1] [E] [   16] Converting DCI message to UL dci
21:58:57.389519 [PHY1] [E] [   16] Encoding UL cc=0
21:58:57.397463 [PHY1] [E] [   24] Converting DCI message to UL dci
21:58:57.397512 [PHY1] [E] [   24] Encoding UL cc=0
21:58:57.405382 [PHY1] [E] [   32] Converting DCI message to UL dci
21:58:58.367033 [MAC ] [W] [  994] DL PID 0: Size of dci changed during a retransmission 105!=93
21:58:59.498296 [MAC ] [W] [ 2125] DL PID 2: Size of dci changed during a retransmission 437!=2052
21:59:06.540108 [MAC ] [W] [ 9167] DL PID 5: Size of dci changed during a retransmission 165!=597
21:59:09.703858 [MAC ] [W] [ 2091] DL PID 2: Size of dci changed during a retransmission 2052!=1335
21:59:09.723999 [PHY1] [E] [ 2111] Encoding UL cc=0
21:59:11.017991 [MAC ] [W] [ 3405] DL PID 7: Size of dci changed during a retransmission 233!=1836
21:59:17.100867 [MAC ] [W] [ 9488] DL PID 2: Size of dci changed during a retransmission 1335!=3
21:59:17.535809 [PHY1] [W] [ 9923] Received CQI request but aperiodic mode is not configured
21:59:17.535856 [PHY1] [E] [ 9923] Encoding UL cc=0
21:59:18.499498 [RLC ] [W] Lost PDU SN: 23
21:59:18.499515 [RLC ] [W] PDU SN=23 lost, stop reassambling SDU (vr_ur_in_rx_sdu=22)
21:59:21.423858 [MAC ] [W] [ 3571] DL PID 1: Size of dci changed during a retransmission 165!=1980
21:59:25.115753 [MAC ] [W] [ 7263] DL PID 5: Size of dci changed during a retransmission 597!=137
21:59:30.823476 [MAC ] [W] [ 2730] DL PID 6: Size of dci changed during a retransmission 97!=573
21:59:32.587225 [RLC ] [W] Lost PDU SN: 37
21:59:32.587242 [RLC ] [W] PDU SN=37 lost, stop reassambling SDU (vr_ur_in_rx_sdu=36)
21:59:32.894534 [PHY0] [E] [ 4802] Converting DCI message to DL dci
21:59:35.587558 [MAC ] [W] [ 7495] DL PID 2: Size of dci changed during a retransmission 421!=63
21:59:35.890562 [MAC ] [W] [ 7798] DL PID 1: Size of dci changed during a retransmission 165!=61
21:59:37.473348 [MAC ] [W] [ 9381] DL PID 4: Size of dci changed during a retransmission 137!=1383
21:59:38.713481 [PHY1] [W] [  381] Received CQI request but aperiodic mode is not configured
21:59:41.269432 [PHY1] [W] [ 2937] Received CQI request but aperiodic mode is not configured
21:59:41.269487 [PHY1] [E] [ 2937] Encoding UL cc=0
21:59:41.277509 [PHY1] [E] [ 2945] Encoding UL cc=0
21:59:44.186255 [MAC ] [W] [ 5854] DL PID 5: Size of dci changed during a retransmission 137!=669
21:59:50.429933 [MAC ] [W] [ 1858] DL PID 0: Size of dci changed during a retransmission 93!=193
21:59:52.152259 [PHY0] [E] [ 3580] Encoding UL cc=0
21:59:52.561099 [PHY1] [E] [ 3989] Encoding UL cc=0
21:59:52.569325 [PHY1] [E] [ 3997] Encoding UL cc=0
21:59:52.577366 [PHY1] [E] [ 4005] Encoding UL cc=0
21:59:55.606000 [MAC ] [W] [ 7034] DL PID 0: Size of dci changed during a retransmission 26!=93
22:00:02.440824 [PHY1] [W] [ 3629] Received CQI request but aperiodic mode is not configured
22:00:02.440841 [PHY1] [E] [ 3629] Converting DCI message to UL dci
22:00:02.440919 [PHY1] [E] [ 3629] Encoding UL cc=0
22:00:02.449091 [PHY1] [E] [ 3637] Converting DCI message to UL dci
22:00:02.449140 [PHY1] [E] [ 3637] Encoding UL cc=0
22:00:02.456768 [PHY1] [E] [ 3645] Converting DCI message to UL dci
22:00:03.059893 [PHY0] [W] [ 4248] Received CQI request but aperiodic mode is not configured
22:00:04.838501 [RLC ] [W] Lost PDU SN: 63
22:00:04.838519 [RLC ] [W] PDU SN=63 lost, stop reassambling SDU (vr_ur_in_rx_sdu=62)
22:00:05.120968 [PHY1] [E] [ 6309] Converting DCI message to DL dci
22:00:06.413797 [MAC ] [W] [ 7602] DL PID 7: Size of dci changed during a retransmission 573!=1836
22:00:07.284891 [PHY0] [E] [ 8473] Encoding UL cc=0
22:00:07.614729 [MAC ] [W] [ 8803] DL PID 0: Size of dci changed during a retransmission 93!=807
22:00:12.898267 [RLC ] [W] Lost PDU SN: 71
22:00:12.898455 [RLC ] [W] PDU SN=71 lost, stop reassambling SDU (vr_ur_in_rx_sdu=70)
22:00:14.669627 [MAC ] [W] [ 5618] DL PID 3: Size of dci changed during a retransmission 717!=517
22:00:17.181666 [MAC ] [W] [ 8130] DL PID 6: Size of dci changed during a retransmission 233!=32
22:00:17.999547 [MAC ] [W] [ 8948] DL PID 7: Size of dci changed during a retransmission 1836!=1572
22:00:21.162475 [MAC ] [W] [ 1871] DL PID 0: Size of dci changed during a retransmission 93!=373
22:00:23.430418 [PHY0] [W] [ 4139] Received CQI request but aperiodic mode is not configured
22:00:27.662490 [PHY0] [W] [ 8371] Received CQI request but aperiodic mode is not configured
22:00:28.682361 [PHY0] [E] [ 9391] Converting DCI message to DL dci
22:00:31.894204 [MAC ] [W] [ 2363] DL PID 7: Size of dci changed during a retransmission 1572!=1479
22:00:36.987158 [MAC ] [W] [ 7456] DL PID 1: Size of dci changed during a retransmission 61!=1191
22:00:38.196177 [PHY0] [W] [ 8665] Received CQI request but aperiodic mode is not configured
22:00:38.196226 [PHY0] [E] [ 8665] Encoding UL cc=0
22:00:38.204228 [PHY0] [E] [ 8673] Encoding UL cc=0
22:00:38.212195 [PHY0] [E] [ 8681] Encoding UL cc=0
22:00:38.220358 [PHY0] [E] [ 8689] Encoding UL cc=0
22:00:43.587010 [PHY1] [W] [ 3816] Received CQI request but aperiodic mode is not configured
22:00:44.128003 [MAC ] [W] [ 4357] DL PID 0: Size of dci changed during a retransmission 93!=775
22:00:44.681065 [PHY1] [E] [ 4910] Converting DCI message to DL dci
22:00:45.003984 [MAC ] [W] [ 5233] DL PID 2: Size of dci changed during a retransmission 373!=1836
22:00:48.989507 [RLC ] [W] Lost PDU SN: 107
22:00:48.989525 [RLC ] [W] PDU SN=107 lost, stop reassambling SDU (vr_ur_in_rx_sdu=106)
22:00:51.952839 [MAC ] [W] [ 1942] DL PID 0: Received duplicate TB0. Discarding and retransmitting ACK (n_retx=2, reset=no)
22:00:56.856802 [PHY0] [W] [ 6846] Received CQI request but aperiodic mode is not configured
22:00:59.972530 [MAC ] [W] [ 9962] DL PID 0: Received duplicate TB0. Discarding and retransmitting ACK (n_retx=2, reset=no)
22:01:04.210658 [MAC ] [W] [ 3960] DL PID 5: Size of dci changed during a retransmission 75!=117
22:01:10.248642 [PHY0] [E] [ 9998] Encoding UL cc=0
22:01:10.256713 [PHY0] [E] [10006] Encoding UL cc=0
22:01:10.264641 [PHY0] [E] [10014] Encoding UL cc=0
22:01:16.795417 [PHY1] [W] [ 6305] Received CQI request but aperiodic mode is not configured
22:01:16.991444 [MAC ] [W] [ 6500] DL PID 3: Size of dci changed during a retransmission 517!=49
22:01:17.535497 [PHY1] [E] [ 7045] Encoding UL cc=0
22:01:17.543493 [PHY1] [E] [ 7053] Encoding UL cc=0
22:01:18.903373 [PHY1] [E] [ 8413] Converting DCI message to DL dci
22:01:26.318182 [MAC ] [W] [ 5588] DL PID 0: Size of dci changed during a retransmission 93!=177
22:01:30.088725 [RLC ] [W] Lost PDU SN: 148
22:01:30.088742 [RLC ] [W] PDU SN=148 lost, stop reassambling SDU (vr_ur_in_rx_sdu=147)
22:01:33.043858 [MAC ] [W] [ 2074] DL PID 0: Size of dci changed during a retransmission 775!=93
22:01:34.361968 [MAC ] [W] [ 3392] DL PID 0: Size of dci changed during a retransmission 93!=153
22:01:36.070946 [MAC ] [W] [ 5101] DL PID 7: Size of dci changed during a retransmission 357!=1095
22:01:36.146971 [PHY1] [W] [ 5177] Received CQI request but aperiodic mode is not configured
22:01:36.247006 [MAC ] [W] [ 5277] DL PID 1: Size of dci changed during a retransmission 1191!=935
22:01:36.607878 [PHY0] [W] [ 5638] Received CQI request but aperiodic mode is not configured
22:01:41.813829 [PHY0] [W] [  604] Received CQI request but aperiodic mode is not configured
22:01:42.906840 [MAC ] [W] [ 1697] DL PID 1: Size of dci changed during a retransmission 717!=1908
22:01:45.344929 [MAC ] [W] [ 4135] DL PID 0: Size of dci changed during a retransmission 93!=75
22:01:45.972791 [MAC ] [W] [ 4763] DL PID 6: Size of dci changed during a retransmission 357!=373
22:01:46.101846 [PHY0] [W] [ 4892] Received CQI request but aperiodic mode is not configured
22:01:46.101885 [PHY0] [E] [ 4892] Encoding UL cc=0
22:01:46.109990 [PHY0] [E] [ 4900] Encoding UL cc=0
22:01:46.117884 [PHY0] [E] [ 4908] Encoding UL cc=0
22:01:51.402707 [PHY1] [W] [10193] Received CQI request but aperiodic mode is not configured
22:01:51.402722 [PHY1] [E] [10193] Converting DCI message to UL dci
22:01:51.402750 [PHY1] [E] [10193] Encoding UL cc=0
22:01:51.410749 [PHY1] [E] [10201] Converting DCI message to UL dci
22:01:52.591630 [MAC ] [W] [ 1142] DL PID 4: Size of dci changed during a retransmission 32!=405
22:01:53.658541 [MAC ] [W] [ 2209] DL PID 7: Size of dci changed during a retransmission 1095!=153
22:01:54.250595 [MAC ] [W] [ 2800] DL PID 5: Size of dci changed during a retransmission 117!=405
22:01:56.294392 [MAC ] [W] [ 4845] DL PID 4: Size of dci changed during a retransmission 405!=2865
22:01:59.805440 [PHY0] [E] [ 8356] Converting DCI message to DL dci
22:02:00.021579 [MAC ] [W] [ 8572] DL PID 5: Size of dci changed during a retransmission 405!=1095
22:02:04.346287 [PHY0] [W] [ 2657] Received CQI request but aperiodic mode is not configured
22:02:05.177322 [PHY1] [W] [ 3488] Received CQI request but aperiodic mode is not configured
22:02:10.223169 [MAC ] [W] [ 8534] DL PID 0: Received duplicate TB0. Discarding and retransmitting ACK (n_retx=4, reset=no)
22:02:11.227786 [RLC ] [W] Lost PDU SN: 186
22:02:11.227803 [RLC ] [W] PDU SN=186 lost, stop reassambling SDU (vr_ur_in_rx_sdu=185)
22:02:11.995975 [MAC ] [W] [   67] DL PID 5: Size of dci changed during a retransmission 1527!=2769
22:02:15.223081 [MAC ] [W] [ 3294] DL PID 0: Received duplicate TB0. Discarding and retransmitting ACK (n_retx=3, reset=no)
22:02:15.922195 [MAC ] [W] [ 3993] DL PID 5: Size of dci changed during a retransmission 2769!=357
22:02:16.287846 [RLC ] [W] Lost PDU SN: 190
22:02:16.287862 [RLC ] [W] PDU SN=190 lost, stop reassambling SDU (vr_ur_in_rx_sdu=189)
22:02:18.347799 [RLC ] [W] Lost PDU SN: 193
22:02:18.347817 [RLC ] [W] PDU SN=193 lost, stop reassambling SDU (vr_ur_in_rx_sdu=192)
22:02:18.909074 [MAC ] [W] [ 6980] DL PID 0: Size of dci changed during a retransmission 93!=533
22:02:20.411648 [RLC ] [W] Lost PDU SN: 195
22:02:20.412121 [RLC ] [W] PDU SN=195 lost, stop reassambling SDU (vr_ur_in_rx_sdu=194)
22:02:21.345054 [PHY0] [W] [ 9416] Received CQI request but aperiodic mode is not configured
22:02:21.345100 [PHY0] [E] [ 9416] Encoding UL cc=0
22:02:21.353125 [PHY0] [E] [ 9424] Encoding UL cc=0
22:02:23.246992 [PHY0] [E] [ 1078] Converting DCI message to DL dci
22:02:23.342929 [MAC ] [W] [ 1174] DL PID 0: Size of dci changed during a retransmission 317!=93
22:02:27.970788 [PHY0] [E] [ 5802] Converting DCI message to DL dci
22:02:34.083790 [MAC ] [W] [ 1675] DL PID 5: Size of dci changed during a retransmission 357!=533
22:02:37.200800 [MAC ] [W] [ 4792] DL PID 6: Size of dci changed during a retransmission 309!=71
22:02:42.787588 [MAC ] [W] [  139] DL PID 2: Size of dci changed during a retransmission 153!=645
22:02:44.963513 [PHY1] [W] [ 2315] Received CQI request but aperiodic mode is not configured
22:02:46.413411 [MAC ] [W] [ 3765] DL PID 6: Size of dci changed during a retransmission 71!=373
22:02:46.904473 [PHY0] [W] [ 4256] Received CQI request but aperiodic mode is not configured
22:02:48.884428 [PHY0] [W] [ 6236] Received CQI request but aperiodic mode is not configured
22:02:48.884479 [PHY0] [E] [ 6236] Encoding UL cc=0
22:02:48.892502 [PHY0] [E] [ 6244] Encoding UL cc=0
22:02:48.900611 [PHY0] [E] [ 6252] Encoding UL cc=0
22:02:50.526991 [RLC ] [W] Lost PDU SN: 223
22:02:50.527008 [RLC ] [W] PDU SN=223 lost, stop reassambling SDU (vr_ur_in_rx_sdu=222)
22:02:51.193358 [MAC ] [W] [ 8545] DL PID 0: Size of dci changed during a retransmission 93!=26
22:02:52.479298 [MAC ] [W] [ 9831] DL PID 0: Size of dci changed during a retransmission 26!=309
22:02:54.628367 [PHY0] [W] [ 1740] Received CQI request but aperiodic mode is not configured
22:02:54.628412 [PHY0] [E] [ 1740] Encoding UL cc=0
22:02:56.714306 [MAC ] [W] [ 3826] DL PID 3: Size of dci changed during a retransmission 839!=2196
22:02:57.686208 [MAC ] [W] [ 4798] DL PID 7: Size of dci changed during a retransmission 121!=105
22:02:58.439240 [PHY0] [W] [ 5551] Received CQI request but aperiodic mode is not configured
22:03:05.949028 [PHY0] [W] [ 2821] Received CQI request but aperiodic mode is not configured
22:03:05.949077 [PHY0] [E] [ 2821] Encoding UL cc=0
22:03:05.957289 [PHY0] [E] [ 2829] Encoding UL cc=0
22:03:06.569986 [MAC ] [W] [ 3442] DL PID 5: Size of dci changed during a retransmission 533!=209
22:03:07.836031 [PHY1] [E] [ 4708] Converting DCI message to DL dci
22:03:08.726965 [PHY0] [E] [ 5599] Converting DCI message to DL dci
22:03:10.502018 [MAC ] [W] [ 7374] DL PID 1: Size of dci changed during a retransmission 717!=597
22:03:14.786498 [RLC ] [W] Lost PDU SN: 239
22:03:14.786969 [RLC ] [W] PDU SN=239 lost, stop reassambling SDU (vr_ur_in_rx_sdu=238)
22:03:15.283795 [MAC ] [W] [ 1916] DL PID 5: Size of dci changed during a retransmission 209!=105
22:03:17.789648 [MAC ] [W] [ 4422] DL PID 5: Size of dci changed during a retransmission 105!=26
22:03:19.158808 [PHY0] [E] [ 5791] Encoding UL cc=0
22:03:19.166846 [PHY0] [E] [ 5799] Encoding UL cc=0
22:03:19.174989 [PHY0] [E] [ 5807] Encoding UL cc=0
22:03:19.183026 [PHY0] [E] [ 5815] Encoding UL cc=0
22:03:19.685611 [MAC ] [W] [ 6318] DL PID 5: Size of dci changed during a retransmission 26!=807
22:03:24.315664 [MAC ] [W] [  708] DL PID 3: Size of dci changed during a retransmission 2196!=669
22:03:27.441511 [MAC ] [W] [ 3834] DL PID 7: Size of dci changed during a retransmission 357!=453
22:03:29.633545 [PHY1] [W] [ 6026] Received CQI request but aperiodic mode is not configured
22:03:35.424386 [PHY0] [E] [ 1577] Converting DCI message to UL dci
22:03:35.424468 [PHY0] [E] [ 1577] Encoding UL cc=0
22:03:35.432657 [PHY0] [E] [ 1585] Converting DCI message to UL dci
22:03:36.038165 [RLC ] [W] Lost PDU SN: 256
22:03:36.038183 [RLC ] [W] PDU SN=256 lost, stop reassambling SDU (vr_ur_in_rx_sdu=255)
22:03:36.922548 [PHY1] [W] [ 3075] Received CQI request but aperiodic mode is not configured
22:03:42.747296 [MAC ] [W] [ 8900] DL PID 4: Size of dci changed during a retransmission 645!=717
22:03:46.649317 [PHY0] [W] [ 2562] Received CQI request but aperiodic mode is not configured
22:03:46.649366 [PHY0] [E] [ 2562] Encoding UL cc=0
22:03:47.360210 [PHY1] [W] [ 3273] Received CQI request but aperiodic mode is not configured
22:03:52.660046 [PHY1] [W] [ 8573] Received CQI request but aperiodic mode is not configured
22:04:00.778952 [PHY0] [E] [ 6452] Converting DCI message to DL dci
22:04:02.708919 [MAC ] [W] [ 8382] DL PID 1: Size of dci changed during a retransmission 32!=645
22:04:04.341783 [PHY1] [W] [10015] Received CQI request but aperiodic mode is not configured
22:04:04.441840 [PHY1] [W] [10115] Received CQI request but aperiodic mode is not configured
22:04:07.020691 [MAC ] [W] [ 2454] DL PID 0: Received duplicate TB0. Discarding and retransmitting ACK (n_retx=2, reset=no)
22:04:08.022746 [PHY0] [E] [ 3456] Encoding UL cc=0
22:04:08.030817 [PHY0] [E] [ 3464] Encoding UL cc=0
22:04:08.038957 [PHY0] [E] [ 3472] Encoding UL cc=0
22:04:08.047010 [PHY0] [E] [ 3480] Encoding UL cc=0
22:04:08.105420 [RLC ] [W] Lost PDU SN: 285
22:04:08.105433 [RLC ] [W] PDU SN=285 lost, stop reassambling SDU (vr_ur_in_rx_sdu=284)
22:04:09.080629 [MAC ] [W] [ 4514] DL PID 0: Size of dci changed during a retransmission 81!=93
22:04:11.530673 [PHY0] [W] [ 6964] Received CQI request but aperiodic mode is not configured
22:04:11.530718 [PHY0] [E] [ 6964] Encoding UL cc=0
22:04:13.607640 [PHY1] [W] [ 9041] Received CQI request but aperiodic mode is not configured
22:04:13.607688 [PHY1] [E] [ 9041] Encoding UL cc=0
22:04:21.033455 [MAC ] [W] [ 6227] DL PID 5: Size of dci changed during a retransmission 1431!=55
22:04:23.586457 [PHY0] [E] [ 8780] Converting DCI message to DL dci
22:04:27.618345 [PHY0] [E] [ 2572] Converting DCI message to DL dci
22:04:28.096164 [MAC ] [W] [ 3050] DL PID 0: Size of dci changed during a retransmission 1527!=93
22:04:30.926425 [PHY0] [E] [ 5880] Converting DCI message to DL dci
22:04:32.106274 [PHY0] [E] [ 7060] Encoding UL cc=0
22:04:32.114322 [PHY0] [E] [ 7068] Encoding UL cc=0
22:04:32.122472 [PHY0] [E] [ 7076] Encoding UL cc=0
22:04:32.130488 [PHY0] [E] [ 7084] Encoding UL cc=0
22:04:36.515147 [PHY1] [W] [ 1229] Received CQI request but aperiodic mode is not configured
22:04:37.172807 [RLC ] [W] Lost PDU SN: 315
22:04:37.172851 [RLC ] [W] PDU SN=315 lost, stop reassambling SDU (vr_ur_in_rx_sdu=314)
22:04:39.734164 [MAC ] [W] [ 4448] DL PID 4: Size of dci changed during a retransmission 437!=185
22:04:41.602098 [MAC ] [W] [ 6316] DL PID 2: Size of dci changed during a retransmission 373!=129
22:04:45.206047 [PHY0] [W] [ 9920] Received CQI request but aperiodic mode is not configured
22:04:45.206094 [PHY0] [E] [ 9920] Encoding UL cc=0
22:04:47.958062 [MAC ] [W] [ 2432] DL PID 5: Size of dci changed during a retransmission 55!=89
22:04:52.777750 [MAC ] [W] [ 7252] DL PID 3: Size of dci changed during a retransmission 241!=47
22:04:54.044628 [MAC ] [W] [ 8519] DL PID 0: Size of dci changed during a retransmission 93!=469
22:04:54.139735 [MAC ] [W] [ 8614] DL PID 0: Size of dci changed during a retransmission 1143!=93
22:04:55.650722 [MAC ] [W] [10125] DL PID 6: Size of dci changed during a retransmission 333!=1527
22:04:56.344801 [PHY1] [W] [  579] Received CQI request but aperiodic mode is not configured
22:04:56.393674 [PHY0] [W] [  628] Received CQI request but aperiodic mode is not configured
22:04:57.260637 [MAC ] [W] [ 1495] DL PID 3: Size of dci changed during a retransmission 47!=73
22:05:00.206728 [MAC ] [W] [ 4440] DL PID 6: Size of dci changed during a retransmission 1527!=157
22:05:04.197477 [MAC ] [W] [ 8432] DL PID 1: Size of dci changed during a retransmission 645!=1143
22:05:07.595769 [PHY0] [E] [ 1590] Converting DCI message to DL dci
22:05:12.281435 [MAC ] [W] [ 6276] DL PID 6: Size of dci changed during a retransmission 157!=89
22:05:12.595399 [MAC ] [W] [ 6590] DL PID 3: Size of dci changed during a retransmission 73!=225
22:05:12.744308 [MAC ] [W] [ 6739] DL PID 3: Size of dci changed during a retransmission 225!=145
22:05:13.713327 [MAC ] [W] [ 7708] DL PID 3: Size of dci changed during a retransmission 145!=373
22:05:14.096345 [MAC ] [W] [ 8091] DL PID 1: Size of dci changed during a retransmission 1143!=453
22:05:18.255223 [MAC ] [W] [ 2010] DL PID 0: Size of dci changed during a retransmission 93!=349
22:05:21.290191 [PHY1] [W] [ 5045] Received CQI request but aperiodic mode is not configured
22:05:22.133276 [PHY0] [E] [ 5888] Converting DCI message to DL dci
22:05:23.274097 [MAC ] [W] [ 7029] DL PID 2: Size of dci changed during a retransmission 71!=597
22:05:25.735169 [MAC ] [W] [ 9490] DL PID 6: Size of dci changed during a retransmission 89!=1063
22:05:28.884051 [PHY1] [E] [ 2399] Converting DCI message to DL dci
22:05:29.812105 [MAC ] [W] [ 3327] DL PID 1: Size of dci changed during a retransmission 453!=749
22:05:30.240240 [MAC ] [W] [ 3755] DL PID 0: Size of dci changed during a retransmission 93!=717
22:05:33.283563 [RLC ] [W] Lost PDU SN: 366
22:05:33.283579 [RLC ] [W] PDU SN=366 lost, stop reassambling SDU (vr_ur_in_rx_sdu=365)
22:05:41.157722 [PHY1] [W] [ 4433] Received CQI request but aperiodic mode is not configured
22:05:41.157772 [PHY1] [E] [ 4433] Encoding UL cc=0
22:05:41.165680 [PHY1] [E] [ 4441] Encoding UL cc=0
22:05:41.173967 [PHY1] [E] [ 4449] Encoding UL cc=0
22:05:41.181919 [PHY1] [E] [ 4457] Encoding UL cc=0
22:05:43.717779 [MAC ] [W] [ 6993] DL PID 6: Size of dci changed during a retransmission 73!=55
22:05:44.685580 [MAC ] [W] [ 7960] DL PID 0: Size of dci changed during a retransmission 93!=233
22:05:49.587659 [MAC ] [W] [ 2623] DL PID 7: Size of dci changed during a retransmission 389!=309
22:05:53.423558 [MAC ] [W] [ 6459] DL PID 5: Size of dci changed during a retransmission 749!=89
22:05:54.780467 [PHY0] [E] [ 7816] Converting DCI message to DL dci
22:05:57.802522 [MAC ] [W] [  598] DL PID 6: Size of dci changed during a retransmission 55!=469
22:05:58.814544 [MAC ] [W] [ 1610] DL PID 2: Size of dci changed during a retransmission 597!=357
22:06:00.500117 [RLC ] [W] Lost PDU SN: 388
22:06:00.500133 [RLC ] [W] PDU SN=388 lost, stop reassambling SDU (vr_ur_in_rx_sdu=387)
22:06:01.488414 [PHY0] [E] [ 4284] Converting DCI message to UL dci
22:06:01.488480 [PHY0] [E] [ 4284] Encoding UL cc=0
22:06:01.496475 [PHY0] [E] [ 4292] Converting DCI message to UL dci
22:06:02.957314 [MAC ] [W] [ 5753] DL PID 6: Size of dci changed during a retransmission 469!=261
22:06:05.512353 [PHY0] [W] [ 8308] Received CQI request but aperiodic mode is not configured
22:06:11.337234 [PHY1] [E] [ 3893] Encoding UL cc=0
22:06:11.345260 [PHY1] [E] [ 3901] Encoding UL cc=0
22:06:11.650110 [MAC ] [W] [ 4206] DL PID 6: Size of dci changed during a retransmission 261!=469
22:06:18.937096 [PHY1] [E] [ 1253] Converting DCI message to UL dci
22:06:18.937132 [PHY1] [E] [ 1253] Encoding UL cc=0
22:06:18.945111 [PHY1] [E] [ 1261] Converting DCI message to UL dci
22:06:18.974108 [MAC ] [W] [ 1290] DL PID 2: Size of dci changed during a retransmission 357!=309
22:06:24.189983 [PHY1] [W] [ 6506] Received CQI request but aperiodic mode is not configured
22:06:31.022672 [PHY0] [E] [ 3099] Converting DCI message to DL dci
22:06:31.375661 [MAC ] [W] [ 3452] DL PID 1: Size of dci changed during a retransmission 749!=193
22:06:31.477508 [MAC ] [W] [ 3554] DL PID 0: Size of dci changed during a retransmission 1095!=93
22:06:34.522397 [RLC ] [W] Lost PDU SN: 422
22:06:34.522415 [RLC ] [W] PDU SN=422 lost, stop reassambling SDU (vr_ur_in_rx_sdu=421)
22:06:40.972448 [MAC ] [W] [ 2809] DL PID 2: Size of dci changed during a retransmission 2196!=233
22:06:41.661487 [PHY1] [W] [ 3498] Received CQI request but aperiodic mode is not configured
22:06:42.956337 [MAC ] [W] [ 4793] DL PID 2: Size of dci changed during a retransmission 233!=573
22:06:44.517280 [MAC ] [W] [ 6354] DL PID 0: Size of dci changed during a retransmission 1692!=93
22:06:47.956512 [MAC ] [W] [ 9793] DL PID 0: Size of dci changed during a retransmission 93!=349
22:06:58.770102 [MAC ] [W] [  127] DL PID 1: Size of dci changed during a retransmission 109!=645
22:07:02.901085 [PHY1] [W] [ 4258] Received CQI request but aperiodic mode is not configured
22:07:02.901103 [PHY1] [E] [ 4258] Converting DCI message to UL dci
22:07:02.901137 [PHY1] [E] [ 4258] Encoding UL cc=0
22:07:02.909158 [PHY1] [E] [ 4266] Converting DCI message to UL dci
22:07:05.421921 [PHY0] [E] [ 6779] Converting DCI message to DL dci
22:07:05.559042 [PHY1] [W] [ 6916] Received CQI request but aperiodic mode is not configured
22:07:05.559073 [PHY1] [E] [ 6916] Encoding UL cc=0
22:07:13.358831 [PHY1] [W] [ 4476] Received CQI request but aperiodic mode is not configured
22:07:13.544756 [PHY1] [W] [ 4662] Received CQI request but aperiodic mode is not configured
22:07:13.544801 [PHY1] [E] [ 4662] Encoding UL cc=0
22:07:13.632800 [PHY1] [W] [ 4750] Received CQI request but aperiodic mode is not configured
22:07:15.479773 [MAC ] [W] [ 6597] DL PID 2: Size of dci changed during a retransmission 573!=1335
22:07:18.714907 [MAC ] [W] [ 9832] DL PID 0: Size of dci changed during a retransmission 93!=141
22:07:34.924314 [MAC ] [W] [ 5562] DL PID 0: Received duplicate TB0. Discarding and retransmitting ACK (n_retx=2, reset=no)
22:07:35.973384 [MAC ] [W] [ 6611] DL PID 7: Size of dci changed during a retransmission 749!=903
22:07:36.966346 [PHY0] [W] [ 7604] Received CQI request but aperiodic mode is not configured
22:07:37.000316 [MAC ] [W] [ 7638] DL PID 0: Size of dci changed during a retransmission 201!=93
22:07:37.126402 [PHY0] [E] [ 7764] Converting DCI message to DL dci
22:07:37.215320 [PHY1] [W] [ 7853] Received CQI request but aperiodic mode is not configured
22:07:46.776231 [PHY0] [W] [ 7174] Received CQI request but aperiodic mode is not configured
22:07:46.776248 [PHY0] [E] [ 7174] Converting DCI message to UL dci
22:07:46.776285 [PHY0] [E] [ 7174] Encoding UL cc=0
22:07:46.784277 [PHY0] [E] [ 7182] Converting DCI message to UL dci
22:07:46.784297 [PHY0] [E] [ 7182] Encoding UL cc=0
22:07:46.792240 [PHY0] [E] [ 7190] Converting DCI message to UL dci
22:07:46.792266 [PHY0] [E] [ 7190] Encoding UL cc=0
22:07:46.800170 [PHY0] [E] [ 7198] Converting DCI message to UL dci
22:07:47.831068 [MAC ] [W] [ 8229] DL PID 1: Size of dci changed during a retransmission 1095!=389
22:07:59.727975 [MAC ] [W] [ 9885] DL PID 3: Size of dci changed during a retransmission 32!=967
22:08:01.299936 [PHY1] [W] [ 1218] Received CQI request but aperiodic mode is not configured
22:08:01.299951 [PHY1] [E] [ 1218] Converting DCI message to UL dci
22:08:01.299991 [PHY1] [E] [ 1218] Encoding UL cc=0
22:08:01.307917 [PHY1] [E] [ 1226] Converting DCI message to UL dci
22:08:01.307943 [PHY1] [E] [ 1226] Encoding UL cc=0
22:08:01.315881 [PHY1] [E] [ 1234] Converting DCI message to UL dci
22:08:01.315900 [PHY1] [E] [ 1234] Encoding UL cc=0
22:08:01.323899 [PHY1] [E] [ 1242] Converting DCI message to UL dci
22:08:03.796895 [PHY1] [W] [ 3715] Received CQI request but aperiodic mode is not configured
22:08:04.015597 [MAC ] [W] [ 3934] DL PID 0: Size of dci changed during a retransmission 1908!=93
22:08:04.744745 [PHY1] [W] [ 4663] Received CQI request but aperiodic mode is not configured
22:08:05.243802 [MAC ] [W] [ 5162] DL PID 5: Size of dci changed during a retransmission 2196!=533
22:08:12.993712 [PHY0] [E] [ 2672] Encoding UL cc=0
22:08:13.001849 [PHY0] [E] [ 2680] Encoding UL cc=0
22:08:13.009709 [PHY0] [E] [ 2688] Encoding UL cc=0
22:08:13.017691 [PHY0] [E] [ 2696] Encoding UL cc=0
22:08:13.337552 [MAC ] [W] [ 3016] DL PID 1: Size of dci changed during a retransmission 389!=19
Closing log
