A table of metrics for Project Odin:

1. PT2645-S and uC-IMU rotational accuracy: Yaw rotation testing on the laser test-bed | Fine and Coarse Analyses with/without multiple trials
   a. Single Trial:
				Fine: \{3^ğ‘œ:ã€–0.98ã€—^ğ‘œ, 6^ğ‘œ:ã€–1.035ã€—^ğ‘œ, 9:ã€–2.885ã€—^ğ‘œ, 12^ğ‘œ:ã€–2.145ã€—^ğ‘œ, 15^ğ‘œ:ã€–2.075ã€—^ğ‘œ, 18^ğ‘œ:ã€–0.755ã€—^ğ‘œ \}
				Coarse: \{15^ğ‘œ:ã€–2.925ã€—^ğ‘œ, 30^ğ‘œ:ã€–1.27ã€—^ğ‘œ, 45^ğ‘œ:ã€–0.88ã€—^ğ‘œ, 60^ğ‘œ:ã€–0.605ã€—^ğ‘œ, 75^ğ‘œ:ã€–0.495ã€—^ğ‘œ, 90^ğ‘œ:ã€–0.66ã€—^ğ‘œ \}
   b. Multiple Trials (x3 per angle):
				Coarse: \{30^ğ‘œ:ã€–2.41ã€—^ğ‘œ, 60^ğ‘œ:ã€–1.843ã€—^ğ‘œ, 90^ğ‘œ:ã€–2.46ã€—^ğ‘œ \}
   c. Average Error across multiple rotational mandates (fine [in steps of 3 degrees] & coarse [in steps of 15 degrees]) -- averaged over several iterations per angle = 1.1153 degrees
   
2. GPS positional accuracy: During Tx installation (static) | Verified on uBlox u-Center and on the uC Serial Monitor over Qwiic I2C | UBX-NAV HPPOSLLH messages
   a. RTCM3.0 messages over NTRIP from a UNAVCO NTRIP caster (rtgpsout.unavco.org | 
   b. 2D Accuracy = 9 cm
   c. 3D Accuracy = 17 cm
   d. Satellites in View = 28 (GNSS: GPS | GLONASS | Galileo | BeiDou)
   
3. Inter-Realm Response Time over Apache Zookeeper-Kafka = 27.794 ms 
   a. All Realms and the Realms Controller -- including Kafka, Zookeeper, and Logging -- were executed on 4-core x86-64 Intel i5-1035G7 CPU @1.20GHz with 8 GB of RAM, on both Ubuntu 20.04 Focal Fossa and Windows 10 b. Carried out over 12,870 messages that were exchanged between the TxRealm and RxRealm over Kafka.
   c. This response time constitutes the time taken for the complete processing of one mandate:
		Get recent Rx GPS event | Log & Send this event to the Tx over Kafka | Get this event at the Tx | Parse & Log the event at the Tx | Issue a rotation mandate to the servos
   
4. Rx GNURadio Configurations
   a. UHD USRP Source Configurations:
	   Sample Rate = 2 Msps
	   Center Freq = 2.5 GHz
	   Gain Value = 0 dB / 76 dB
	   Antenna = Tx/Rx Ch0
	   Output Type = I/Q Complex-64 (32-bit I + 32-bit Q)
   
   b. QT GUI Time Sink Configurations:
	   Input Type: I/Q Complex-64 (32-bit I + 32-bit Q)
	   Number of points = [manual-range = 1024, 2048, 4096]
	   Sample Rate = 2 Msps
	   Autoscale = Yes
	   Update Period = 0.10 s
	   Trigger Type = Auto
	   Trigger Slope = Positive
	   Trigger Level = [manual-dynamic]
   
   b. File Sink and File Meta Sink Configuration
	   Input Type: I/Q Complex-64 (32-bit I + 32-bit Q)
	   Max Seg Size = 1M
	   Unbuffered = OFF